[22-Apr-2017 00:46:27 UTC] WP_Error Object
(
    [errors] => Array
        (
            [wp_mail_failed] => Array
                (
                    [0] => SMTP Error: Could not authenticate.
                )

        )

    [error_data] => Array
        (
            [wp_mail_failed] => Array
                (
                    [to] => Array
                        (
                            [0] => jeremy@interfused-inc.com
                        )

                    [subject] => test if mail works
                    [message] => hurray for wp_mail
                    [headers] => Array
                        (
                        )

                    [attachments] => Array
                        (
                        )

                    [phpmailer_exception_code] => 0
                )

        )

)

